'PROJECT_ROOT=/home/neuronet_team095/coli-project/sic_cluster'
Running 'run.sh' in conda env coli_env
Sun Mar 17 16:32:09 2024       
+---------------------------------------------------------------------------------------+
| NVIDIA-SMI 545.23.08              Driver Version: 545.23.08    CUDA Version: 12.3     |
|-----------------------------------------+----------------------+----------------------+
| GPU  Name                 Persistence-M | Bus-Id        Disp.A | Volatile Uncorr. ECC |
| Fan  Temp   Perf          Pwr:Usage/Cap |         Memory-Usage | GPU-Util  Compute M. |
|                                         |                      |               MIG M. |
|=========================================+======================+======================|
|   0  Tesla P100-PCIE-16GB           On  | 00000000:04:00.0 Off |                    0 |
| N/A   32C    P0              25W / 250W |      2MiB / 16384MiB |      0%      Default |
|                                         |                      |                  N/A |
+-----------------------------------------+----------------------+----------------------+
|   1  Tesla P100-PCIE-16GB           On  | 00000000:06:00.0 Off |                    0 |
| N/A   32C    P0              26W / 250W |      2MiB / 16384MiB |      0%      Default |
|                                         |                      |                  N/A |
+-----------------------------------------+----------------------+----------------------+
|   2  Tesla P100-PCIE-16GB           On  | 00000000:07:00.0 Off |                    0 |
| N/A   38C    P0              28W / 250W |      2MiB / 16384MiB |      0%      Default |
|                                         |                      |                  N/A |
+-----------------------------------------+----------------------+----------------------+
|   3  Tesla P100-PCIE-16GB           On  | 00000000:08:00.0 Off |                    0 |
| N/A   31C    P0              27W / 250W |      2MiB / 16384MiB |      0%      Default |
|                                         |                      |                  N/A |
+-----------------------------------------+----------------------+----------------------+
|   4  Tesla P100-PCIE-16GB           On  | 00000000:0C:00.0 Off |                    0 |
| N/A   35C    P0              27W / 250W |      2MiB / 16384MiB |      0%      Default |
|                                         |                      |                  N/A |
+-----------------------------------------+----------------------+----------------------+
|   5  Tesla P100-PCIE-16GB           On  | 00000000:0D:00.0 Off |                    0 |
| N/A   33C    P0              25W / 250W |      2MiB / 16384MiB |      0%      Default |
|                                         |                      |                  N/A |
+-----------------------------------------+----------------------+----------------------+
|   6  Tesla P100-PCIE-16GB           On  | 00000000:0E:00.0 Off |                    0 |
| N/A   34C    P0              26W / 250W |      2MiB / 16384MiB |      0%      Default |
|                                         |                      |                  N/A |
+-----------------------------------------+----------------------+----------------------+
|   7  Tesla P100-PCIE-16GB           On  | 00000000:0F:00.0 Off |                    0 |
| N/A   35C    P0              26W / 250W |      2MiB / 16384MiB |      0%      Default |
|                                         |                      |                  N/A |
+-----------------------------------------+----------------------+----------------------+
                                                                                         
+---------------------------------------------------------------------------------------+
| Processes:                                                                            |
|  GPU   GI   CI        PID   Type   Process name                            GPU Memory |
|        ID   ID                                                             Usage      |
|=======================================================================================|
|  No running processes found                                                           |
+---------------------------------------------------------------------------------------+
GPU-7ba7fd77
neuronet_team095-46497.0-uller.hpc.uni-saarland.de
/home/neuronet_team095/miniconda3/envs/coli_env/bin/python
DatasetDict({
    train: Dataset({
        features: ['text', 'labels', '__index_level_0__'],
        num_rows: 20710
    })
    valid: Dataset({
        features: ['text', 'labels', '__index_level_0__'],
        num_rows: 2301
    })
    test: Dataset({
        features: ['text', 'labels', '__index_level_0__'],
        num_rows: 2555
    })
})

 ---------------
validation results out of the box {'time': 35.515167474746704, 'accuracy': 0.5028248587570622}
{'eval_loss': 0.9324487447738647, 'eval_f1': 0.6711409395973155, 'eval_accuracy': 0.51, 'eval_recall': 1.0, 'eval_precision': 0.5050505050505051, 'eval_runtime': 10.3644, 'eval_samples_per_second': 9.648, 'eval_steps_per_second': 1.254, 'epoch': 1.0}
{'eval_loss': 0.7207950353622437, 'eval_f1': 0.6666666666666666, 'eval_accuracy': 0.5, 'eval_recall': 1.0, 'eval_precision': 0.5, 'eval_runtime': 6.7424, 'eval_samples_per_second': 14.831, 'eval_steps_per_second': 1.928, 'epoch': 2.0}
{'eval_loss': 0.8802030086517334, 'eval_f1': 0.6326530612244898, 'eval_accuracy': 0.64, 'eval_recall': 0.62, 'eval_precision': 0.6458333333333334, 'eval_runtime': 6.336, 'eval_samples_per_second': 15.783, 'eval_steps_per_second': 2.052, 'epoch': 3.0}
{'eval_loss': 0.7019989490509033, 'eval_f1': 0.2413793103448276, 'eval_accuracy': 0.56, 'eval_recall': 0.14, 'eval_precision': 0.875, 'eval_runtime': 5.6687, 'eval_samples_per_second': 17.641, 'eval_steps_per_second': 2.293, 'epoch': 4.0}
{'eval_loss': 0.7600928544998169, 'eval_f1': 0.6915887850467289, 'eval_accuracy': 0.67, 'eval_recall': 0.74, 'eval_precision': 0.6491228070175439, 'eval_runtime': 5.9792, 'eval_samples_per_second': 16.725, 'eval_steps_per_second': 2.174, 'epoch': 5.0}
{'eval_loss': 0.9415704607963562, 'eval_f1': 0.6597938144329897, 'eval_accuracy': 0.67, 'eval_recall': 0.64, 'eval_precision': 0.6808510638297872, 'eval_runtime': 5.9915, 'eval_samples_per_second': 16.69, 'eval_steps_per_second': 2.17, 'epoch': 6.0}
{'eval_loss': 1.1585475206375122, 'eval_f1': 0.6170212765957447, 'eval_accuracy': 0.64, 'eval_recall': 0.58, 'eval_precision': 0.6590909090909091, 'eval_runtime': 4.6265, 'eval_samples_per_second': 21.615, 'eval_steps_per_second': 2.81, 'epoch': 7.0}
{'eval_loss': 1.4083905220031738, 'eval_f1': 0.6666666666666666, 'eval_accuracy': 0.65, 'eval_recall': 0.7, 'eval_precision': 0.6363636363636364, 'eval_runtime': 4.6603, 'eval_samples_per_second': 21.458, 'eval_steps_per_second': 2.79, 'epoch': 8.0}
{'eval_loss': 1.4933241605758667, 'eval_f1': 0.6792452830188679, 'eval_accuracy': 0.66, 'eval_recall': 0.72, 'eval_precision': 0.6428571428571429, 'eval_runtime': 5.0217, 'eval_samples_per_second': 19.913, 'eval_steps_per_second': 2.589, 'epoch': 9.0}
{'eval_loss': 1.5381219387054443, 'eval_f1': 0.7155963302752294, 'eval_accuracy': 0.69, 'eval_recall': 0.78, 'eval_precision': 0.6610169491525424, 'eval_runtime': 6.175, 'eval_samples_per_second': 16.194, 'eval_steps_per_second': 2.105, 'epoch': 10.0}
{'train_runtime': 123.3768, 'train_samples_per_second': 8.105, 'train_steps_per_second': 1.054, 'train_loss': 0.4855978745680589, 'epoch': 10.0}

 ---------------
test results after fine-tuning {'time': 31.769654273986816, 'accuracy': 0.7667318982387475}

