'PROJECT_ROOT=/home/neuronet_team095/coli-project/sic_cluster'
Running 'run.sh' in conda env coli_env
Sun Mar 17 16:23:58 2024       
+---------------------------------------------------------------------------------------+
| NVIDIA-SMI 545.23.08              Driver Version: 545.23.08    CUDA Version: 12.3     |
|-----------------------------------------+----------------------+----------------------+
| GPU  Name                 Persistence-M | Bus-Id        Disp.A | Volatile Uncorr. ECC |
| Fan  Temp   Perf          Pwr:Usage/Cap |         Memory-Usage | GPU-Util  Compute M. |
|                                         |                      |               MIG M. |
|=========================================+======================+======================|
|   0  Tesla P100-SXM2-16GB           On  | 00000000:04:00.0 Off |                    0 |
| N/A   38C    P0             110W / 300W |   7472MiB / 16384MiB |     47%      Default |
|                                         |                      |                  N/A |
+-----------------------------------------+----------------------+----------------------+
|   1  Tesla P100-SXM2-16GB           On  | 00000000:05:00.0 Off |                    0 |
| N/A   26C    P0              32W / 300W |      2MiB / 16384MiB |      0%      Default |
|                                         |                      |                  N/A |
+-----------------------------------------+----------------------+----------------------+
|   2  Tesla P100-SXM2-16GB           On  | 00000000:09:00.0 Off |                    0 |
| N/A   27C    P0              30W / 300W |      2MiB / 16384MiB |      0%      Default |
|                                         |                      |                  N/A |
+-----------------------------------------+----------------------+----------------------+
|   3  Tesla P100-SXM2-16GB           On  | 00000000:0A:00.0 Off |                    0 |
| N/A   30C    P0              29W / 300W |      2MiB / 16384MiB |      0%      Default |
|                                         |                      |                  N/A |
+-----------------------------------------+----------------------+----------------------+
|   4  Tesla P100-SXM2-16GB           On  | 00000000:8C:00.0 Off |                    0 |
| N/A   58C    P0             167W / 300W |  14830MiB / 16384MiB |     92%      Default |
|                                         |                      |                  N/A |
+-----------------------------------------+----------------------+----------------------+
|   5  Tesla P100-SXM2-16GB           On  | 00000000:8D:00.0 Off |                    0 |
| N/A   53C    P0             202W / 300W |  10912MiB / 16384MiB |     80%      Default |
|                                         |                      |                  N/A |
+-----------------------------------------+----------------------+----------------------+
|   6  Tesla P100-SXM2-16GB           On  | 00000000:90:00.0 Off |                    0 |
| N/A   52C    P0             157W / 300W |  14830MiB / 16384MiB |     93%      Default |
|                                         |                      |                  N/A |
+-----------------------------------------+----------------------+----------------------+
|   7  Tesla P100-SXM2-16GB           On  | 00000000:91:00.0 Off |                    0 |
| N/A   34C    P0              31W / 300W |      2MiB / 16384MiB |      0%      Default |
|                                         |                      |                  N/A |
+-----------------------------------------+----------------------+----------------------+
                                                                                         
+---------------------------------------------------------------------------------------+
| Processes:                                                                            |
|  GPU   GI   CI        PID   Type   Process name                            GPU Memory |
|        ID   ID                                                             Usage      |
|=======================================================================================|
+---------------------------------------------------------------------------------------+
GPU-4353d652
neuronet_team095-46494.0-idun.hpc.uni-saarland.de
/home/neuronet_team095/miniconda3/envs/coli_env/bin/python
double check device
cuda
DatasetDict({
    train: Dataset({
        features: ['text', 'labels', '__index_level_0__'],
        num_rows: 20710
    })
    valid: Dataset({
        features: ['text', 'labels', '__index_level_0__'],
        num_rows: 2301
    })
    test: Dataset({
        features: ['text', 'labels', '__index_level_0__'],
        num_rows: 2555
    })
})

 ---------------
validation results out of the box {'time': 32.186354875564575, 'accuracy': 0.5028248587570622}

