000 (46494.000.000) 2024-03-17 17:19:23 Job submitted from host: <134.96.227.100:9618?addrs=134.96.227.100-9618&alias=conduit.hpc.uni-saarland.de&noUDP&sock=schedd_1440599_ab28>
...
001 (46494.000.000) 2024-03-17 17:23:55 Job executing on host: <134.96.59.12:9618?addrs=134.96.59.12-9618&alias=idun.hpc.uni-saarland.de&noUDP&sock=startd_4071212_61af>
	SlotName: @idun.hpc.uni-saarland.de
	AvailableGPUs = { GPUs_GPU_4353d652 }
	CondorScratchDir = "/raid/condor/lib/condor/execute/dir_1355778"
	Cpus = 1
	Disk = 5441863
	GPUs = 1
	GPUs_GPU_4353d652 = [ DeviceUuid = "4353d652-9c96-94b0-5f93-893a1173f6ef"; DevicePciBusId = "0000:0A:00.0"; Capability = 6.0; DeviceName = "Tesla P100-SXM2-16GB"; DriverVersion = 12.3; Id = "GPU-4353d652"; ECCEnabled = true; GlobalMemoryMb = 16276; MaxSupportedVersion = 12030 ]
	Memory = 32768
...
005 (46494.000.000) 2024-03-17 17:25:08 Job terminated.
	(1) Normal termination (return value 1)
		Usr 0 00:00:00, Sys 0 00:00:00  -  Run Remote Usage
		Usr 0 00:00:00, Sys 0 00:00:00  -  Run Local Usage
		Usr 0 00:00:00, Sys 0 00:00:00  -  Total Remote Usage
		Usr 0 00:00:00, Sys 0 00:00:00  -  Total Local Usage
	0  -  Run Bytes Sent By Job
	0  -  Run Bytes Received By Job
	0  -  Total Bytes Sent By Job
	0  -  Total Bytes Received By Job
	Partitionable Resources :    Usage  Request Allocated Assigned
	   Cpus                 :        0        1         1 
	   Disk (KB)            :        1        1   5441863 
	   Gpus (Average)       :                 1         1 "GPU-4353d652"
	   Memory (MB)          :             32768     32768 
	   TimeExecute (s)      :       73                    
	   TimeSlotBusy (s)     :       73                    

	Job terminated of its own accord at 2024-03-17T16:25:08Z with exit-code 1.
...
