000 (46497.000.000) 2024-03-17 17:31:33 Job submitted from host: <134.96.227.100:9618?addrs=134.96.227.100-9618&alias=conduit.hpc.uni-saarland.de&noUDP&sock=schedd_1440599_ab28>
...
001 (46497.000.000) 2024-03-17 17:31:36 Job executing on host: <134.96.59.18:9618?addrs=134.96.59.18-9618&alias=uller.hpc.uni-saarland.de&noUDP&sock=startd_2245_7634>
	SlotName: @uller.hpc.uni-saarland.de
	AvailableGPUs = { GPUs_GPU_7ba7fd77 }
	CondorScratchDir = "/raid/condor/lib/condor/execute/dir_2557578"
	Cpus = 7
	Disk = 402247694
	GPUs = 1
	GPUs_GPU_7ba7fd77 = [ DeviceUuid = "7ba7fd77-a058-cefb-5031-b603f43e2420"; DevicePciBusId = "0000:08:00.0"; Capability = 6.0; DeviceName = "Tesla P100-PCIE-16GB"; DriverVersion = 12.3; Id = "GPU-7ba7fd77"; ECCEnabled = true; GlobalMemoryMb = 16276; MaxSupportedVersion = 12030 ]
	Memory = 64480
...
005 (46497.000.000) 2024-03-17 17:38:22 Job terminated.
	(1) Normal termination (return value 0)
		Usr 0 00:00:00, Sys 0 00:00:00  -  Run Remote Usage
		Usr 0 00:00:00, Sys 0 00:00:00  -  Run Local Usage
		Usr 0 00:00:00, Sys 0 00:00:00  -  Total Remote Usage
		Usr 0 00:00:00, Sys 0 00:00:00  -  Total Local Usage
	0  -  Run Bytes Sent By Job
	0  -  Run Bytes Received By Job
	0  -  Total Bytes Sent By Job
	0  -  Total Bytes Received By Job
	Partitionable Resources :    Usage  Request Allocated Assigned
	   Cpus                 :     0.00        1         7 
	   Disk (KB)            :     1           1 402247694 
	   Gpus (Average)       :     0           1         1 "GPU-7ba7fd77"
	   GpusMemory (MB)      :   110                       
	   Memory (MB)          :             32768     64480 
	   TimeExecute (s)      :   406                       
	   TimeSlotBusy (s)     :   407                       

	Job terminated of its own accord at 2024-03-17T16:38:22Z with exit-code 0.
...
