000 (46780.000.000) 2024-03-19 03:16:43 Job submitted from host: <134.96.227.100:9618?addrs=134.96.227.100-9618&alias=conduit.hpc.uni-saarland.de&noUDP&sock=schedd_1440599_ab28>
...
001 (46780.000.000) 2024-03-19 03:16:53 Job executing on host: <134.96.59.18:9618?addrs=134.96.59.18-9618&alias=uller.hpc.uni-saarland.de&noUDP&sock=startd_2245_7634>
	SlotName: @uller.hpc.uni-saarland.de
	AvailableGPUs = { GPUs_GPU_0833fde1 }
	CondorScratchDir = "/raid/condor/lib/condor/execute/dir_3333920"
	Cpus = 7
	Disk = 402247694
	GPUs = 1
	GPUs_GPU_0833fde1 = [ DeviceUuid = "0833fde1-0b72-637b-6d41-f86a71289935"; DevicePciBusId = "0000:04:00.0"; Capability = 6.0; DeviceName = "Tesla P100-PCIE-16GB"; DriverVersion = 12.3; Id = "GPU-0833fde1"; ECCEnabled = true; GlobalMemoryMb = 16276; MaxSupportedVersion = 12030 ]
	Memory = 64480
...
005 (46780.000.000) 2024-03-19 05:07:34 Job terminated.
	(1) Normal termination (return value 1)
		Usr 0 00:00:00, Sys 0 00:00:00  -  Run Remote Usage
		Usr 0 00:00:00, Sys 0 00:00:00  -  Run Local Usage
		Usr 0 00:00:00, Sys 0 00:00:00  -  Total Remote Usage
		Usr 0 00:00:00, Sys 0 00:00:00  -  Total Local Usage
	0  -  Run Bytes Sent By Job
	0  -  Run Bytes Received By Job
	0  -  Total Bytes Sent By Job
	0  -  Total Bytes Received By Job
	Partitionable Resources :    Usage  Request Allocated Assigned
	   Cpus                 :     0.00        1         7 
	   Disk (KB)            :     1           1 402247694 
	   Gpus (Average)       :     0.14        1         1 "GPU-0833fde1"
	   GpusMemory (MB)      :  4924                       
	   Memory (MB)          :             32768     64480 
	   TimeExecute (s)      :  6641                       
	   TimeSlotBusy (s)     :  6641                       

	Job terminated of its own accord at 2024-03-19T04:07:34Z with exit-code 1.
...
