'PROJECT_ROOT=/home/neuronet_team095/coli-project/sic_cluster'
Running 'run.sh' in conda env coli_env
Sun Mar 17 01:19:33 2024       
+---------------------------------------------------------------------------------------+
| NVIDIA-SMI 545.23.08              Driver Version: 545.23.08    CUDA Version: 12.3     |
|-----------------------------------------+----------------------+----------------------+
| GPU  Name                 Persistence-M | Bus-Id        Disp.A | Volatile Uncorr. ECC |
| Fan  Temp   Perf          Pwr:Usage/Cap |         Memory-Usage | GPU-Util  Compute M. |
|                                         |                      |               MIG M. |
|=========================================+======================+======================|
|   0  Tesla P100-SXM2-16GB           On  | 00000000:04:00.0 Off |                    0 |
| N/A   43C    P0             109W / 300W |   6966MiB / 16384MiB |     79%      Default |
|                                         |                      |                  N/A |
+-----------------------------------------+----------------------+----------------------+
|   1  Tesla P100-SXM2-16GB           On  | 00000000:05:00.0 Off |                    0 |
| N/A   28C    P0              31W / 300W |      2MiB / 16384MiB |      0%      Default |
|                                         |                      |                  N/A |
+-----------------------------------------+----------------------+----------------------+
|   2  Tesla P100-SXM2-16GB           On  | 00000000:09:00.0 Off |                    0 |
| N/A   31C    P0              29W / 300W |      2MiB / 16384MiB |      0%      Default |
|                                         |                      |                  N/A |
+-----------------------------------------+----------------------+----------------------+
|   3  Tesla P100-SXM2-16GB           On  | 00000000:0A:00.0 Off |                    0 |
| N/A   38C    P0              55W / 300W |   6870MiB / 16384MiB |     74%      Default |
|                                         |                      |                  N/A |
+-----------------------------------------+----------------------+----------------------+
|   4  Tesla P100-SXM2-16GB           On  | 00000000:8C:00.0 Off |                    0 |
| N/A   29C    P0              31W / 300W |      2MiB / 16384MiB |      0%      Default |
|                                         |                      |                  N/A |
+-----------------------------------------+----------------------+----------------------+
|   5  Tesla P100-SXM2-16GB           On  | 00000000:8D:00.0 Off |                    0 |
| N/A   28C    P0              30W / 300W |      2MiB / 16384MiB |      0%      Default |
|                                         |                      |                  N/A |
+-----------------------------------------+----------------------+----------------------+
|   6  Tesla P100-SXM2-16GB           On  | 00000000:90:00.0 Off |                    0 |
| N/A   28C    P0              30W / 300W |      2MiB / 16384MiB |      0%      Default |
|                                         |                      |                  N/A |
+-----------------------------------------+----------------------+----------------------+
|   7  Tesla P100-SXM2-16GB           On  | 00000000:91:00.0 Off |                    0 |
| N/A   50C    P0             209W / 300W |  13304MiB / 16384MiB |     97%      Default |
|                                         |                      |                  N/A |
+-----------------------------------------+----------------------+----------------------+
                                                                                         
+---------------------------------------------------------------------------------------+
| Processes:                                                                            |
|  GPU   GI   CI        PID   Type   Process name                            GPU Memory |
|        ID   ID                                                             Usage      |
|=======================================================================================|
+---------------------------------------------------------------------------------------+
GPU-f968d76a
neuronet_team095-46357.0-lofn.hpc.uni-saarland.de
/home/neuronet_team095/miniconda3/envs/coli_env/bin/python

