'PROJECT_ROOT=/home/neuronet_team095/coli-project'
Running 'run.sh' in conda env coli_env
Tue Mar 19 02:16:56 2024       
+---------------------------------------------------------------------------------------+
| NVIDIA-SMI 545.23.08              Driver Version: 545.23.08    CUDA Version: 12.3     |
|-----------------------------------------+----------------------+----------------------+
| GPU  Name                 Persistence-M | Bus-Id        Disp.A | Volatile Uncorr. ECC |
| Fan  Temp   Perf          Pwr:Usage/Cap |         Memory-Usage | GPU-Util  Compute M. |
|                                         |                      |               MIG M. |
|=========================================+======================+======================|
|   0  Tesla P100-PCIE-16GB           On  | 00000000:04:00.0 Off |                    0 |
| N/A   32C    P0              25W / 250W |      2MiB / 16384MiB |      0%      Default |
|                                         |                      |                  N/A |
+-----------------------------------------+----------------------+----------------------+
|   1  Tesla P100-PCIE-16GB           On  | 00000000:06:00.0 Off |                    0 |
| N/A   31C    P0              26W / 250W |      2MiB / 16384MiB |      0%      Default |
|                                         |                      |                  N/A |
+-----------------------------------------+----------------------+----------------------+
|   2  Tesla P100-PCIE-16GB           On  | 00000000:07:00.0 Off |                    0 |
| N/A   37C    P0              27W / 250W |      2MiB / 16384MiB |      0%      Default |
|                                         |                      |                  N/A |
+-----------------------------------------+----------------------+----------------------+
|   3  Tesla P100-PCIE-16GB           On  | 00000000:08:00.0 Off |                    0 |
| N/A   30C    P0              27W / 250W |      2MiB / 16384MiB |      0%      Default |
|                                         |                      |                  N/A |
+-----------------------------------------+----------------------+----------------------+
|   4  Tesla P100-PCIE-16GB           On  | 00000000:0C:00.0 Off |                    0 |
| N/A   33C    P0              27W / 250W |      2MiB / 16384MiB |      0%      Default |
|                                         |                      |                  N/A |
+-----------------------------------------+----------------------+----------------------+
|   5  Tesla P100-PCIE-16GB           On  | 00000000:0D:00.0 Off |                    0 |
| N/A   32C    P0              24W / 250W |      2MiB / 16384MiB |      0%      Default |
|                                         |                      |                  N/A |
+-----------------------------------------+----------------------+----------------------+
|   6  Tesla P100-PCIE-16GB           On  | 00000000:0E:00.0 Off |                    0 |
| N/A   33C    P0              26W / 250W |      2MiB / 16384MiB |      0%      Default |
|                                         |                      |                  N/A |
+-----------------------------------------+----------------------+----------------------+
|   7  Tesla P100-PCIE-16GB           On  | 00000000:0F:00.0 Off |                    0 |
| N/A   34C    P0              26W / 250W |      2MiB / 16384MiB |      0%      Default |
|                                         |                      |                  N/A |
+-----------------------------------------+----------------------+----------------------+
                                                                                         
+---------------------------------------------------------------------------------------+
| Processes:                                                                            |
|  GPU   GI   CI        PID   Type   Process name                            GPU Memory |
|        ID   ID                                                             Usage      |
|=======================================================================================|
|  No running processes found                                                           |
+---------------------------------------------------------------------------------------+
GPU-0833fde1
neuronet_team095-46780.0-uller.hpc.uni-saarland.de
/home/neuronet_team095/miniconda3/envs/coli_env/bin/python
DatasetDict({
    train: Dataset({
        features: ['text', 'labels', 'concat', '__index_level_0__', 'input_ids', 'attention_mask'],
        num_rows: 24632
    })
    valid: Dataset({
        features: ['text', 'labels', 'concat', '__index_level_0__', 'input_ids', 'attention_mask'],
        num_rows: 3079
    })
    test: Dataset({
        features: ['text', 'labels', 'concat', '__index_level_0__', 'input_ids', 'attention_mask'],
        num_rows: 3079
    })
})
validation results out of the box

