'PROJECT_ROOT=/home/neuronet_team095/coli-project'
Running 'run.sh' in conda env coli_env
Wed Mar 20 07:46:21 2024
+---------------------------------------------------------------------------------------+
| NVIDIA-SMI 545.23.08              Driver Version: 545.23.08    CUDA Version: 12.3     |
|-----------------------------------------+----------------------+----------------------+
| GPU  Name                 Persistence-M | Bus-Id        Disp.A | Volatile Uncorr. ECC |
| Fan  Temp   Perf          Pwr:Usage/Cap |         Memory-Usage | GPU-Util  Compute M. |
|                                         |                      |               MIG M. |
|=========================================+======================+======================|
|   0  Tesla P100-PCIE-16GB           On  | 00000000:04:00.0 Off |                    0 |
| N/A   30C    P0              25W / 250W |      2MiB / 16384MiB |      0%      Default |
|                                         |                      |                  N/A |
+-----------------------------------------+----------------------+----------------------+
|   1  Tesla P100-PCIE-16GB           On  | 00000000:06:00.0 Off |                    0 |
| N/A   30C    P0              25W / 250W |      2MiB / 16384MiB |      0%      Default |
|                                         |                      |                  N/A |
+-----------------------------------------+----------------------+----------------------+
|   2  Tesla P100-PCIE-16GB           On  | 00000000:07:00.0 Off |                    0 |
| N/A   40C    P0              28W / 250W |      2MiB / 16384MiB |      0%      Default |
|                                         |                      |                  N/A |
+-----------------------------------------+----------------------+----------------------+
|   3  Tesla P100-PCIE-16GB           On  | 00000000:08:00.0 Off |                    0 |
| N/A   29C    P0              27W / 250W |      2MiB / 16384MiB |      0%      Default |
|                                         |                      |                  N/A |
+-----------------------------------------+----------------------+----------------------+
|   4  Tesla P100-PCIE-16GB           On  | 00000000:0C:00.0 Off |                    0 |
| N/A   35C    P0              27W / 250W |      2MiB / 16384MiB |      0%      Default |
|                                         |                      |                  N/A |
+-----------------------------------------+----------------------+----------------------+
|   5  Tesla P100-PCIE-16GB           On  | 00000000:0D:00.0 Off |                    0 |
| N/A   34C    P0              25W / 250W |      2MiB / 16384MiB |      0%      Default |
|                                         |                      |                  N/A |
+-----------------------------------------+----------------------+----------------------+
|   6  Tesla P100-PCIE-16GB           On  | 00000000:0E:00.0 Off |                    0 |
| N/A   35C    P0              26W / 250W |      2MiB / 16384MiB |      0%      Default |
|                                         |                      |                  N/A |
+-----------------------------------------+----------------------+----------------------+
|   7  Tesla P100-PCIE-16GB           On  | 00000000:0F:00.0 Off |                    0 |
| N/A   36C    P0              26W / 250W |      2MiB / 16384MiB |      0%      Default |
|                                         |                      |                  N/A |
+-----------------------------------------+----------------------+----------------------+

+---------------------------------------------------------------------------------------+
| Processes:                                                                            |
|  GPU   GI   CI        PID   Type   Process name                            GPU Memory |
|        ID   ID                                                             Usage      |
|=======================================================================================|
|  No running processes found                                                           |
+---------------------------------------------------------------------------------------+
GPU-9e0d7699
neuronet_team095-46879.0-uller.hpc.uni-saarland.de
/home/neuronet_team095/miniconda3/envs/coli_env/bin/python
running with args: learning_rate=1e-05, epochs=10, train_batch_size=8
DatasetDict({
    train: Dataset({
        features: ['text', 'labels', 'concat', '__index_level_0__', 'input_ids', 'attention_mask'],
        num_rows: 20710
    })
    valid: Dataset({
        features: ['text', 'labels', 'concat', '__index_level_0__', 'input_ids', 'attention_mask'],
        num_rows: 2301
    })
    test: Dataset({
        features: ['text', 'labels', 'concat', '__index_level_0__', 'input_ids', 'attention_mask'],
        num_rows: 2555
    })
})
---------------
 training finetuned model
{'loss': 0.864, 'grad_norm': 2.1602981090545654, 'learning_rate': 9.996635617660905e-06, 'epoch': 0.19}
{'loss': 0.4264, 'grad_norm': 1.7123005390167236, 'learning_rate': 9.976091897424243e-06, 'epoch': 0.39}
{'loss': 0.3772, 'grad_norm': 16.56473159790039, 'learning_rate': 9.936950246351035e-06, 'epoch': 0.58}
{'loss': 0.3712, 'grad_norm': 1.771501898765564, 'learning_rate': 9.879356954689639e-06, 'epoch': 0.77}
{'loss': 0.3719, 'grad_norm': 113.20692443847656, 'learning_rate': 9.803527274906651e-06, 'epoch': 0.97}
{'eval_loss': 0.3395034968852997, 'eval_accuracy': 0.8509343763581052, 'eval_runtime': 41.3748, 'eval_samples_per_second': 55.614, 'eval_steps_per_second': 6.961, 'epoch': 1.0}
{'loss': 0.3588, 'grad_norm': 5.6093878746032715, 'learning_rate': 9.709744617190039e-06, 'epoch': 1.16}
{'loss': 0.3542, 'grad_norm': 11.635641098022461, 'learning_rate': 9.598359490215647e-06, 'epoch': 1.35}
{'loss': 0.3458, 'grad_norm': 15.48907470703125, 'learning_rate': 9.469788191136025e-06, 'epoch': 1.54}
{'loss': 0.3878, 'grad_norm': 13.461221694946289, 'learning_rate': 9.324511249687585e-06, 'epoch': 1.74}
{'loss': 0.3486, 'grad_norm': 1.6055165529251099, 'learning_rate': 9.163071632231258e-06, 'epoch': 1.93}
{'eval_loss': 0.42893704771995544, 'eval_accuracy': 0.8531073446327684, 'eval_runtime': 40.4837, 'eval_samples_per_second': 56.838, 'eval_steps_per_second': 7.114, 'epoch': 2.0}
{'loss': 0.3565, 'grad_norm': 8.545726776123047, 'learning_rate': 8.986072712438918e-06, 'epoch': 2.12}
{'loss': 0.3201, 'grad_norm': 54.35008239746094, 'learning_rate': 8.794176016210065e-06, 'epoch': 2.32}
{'loss': 0.3385, 'grad_norm': 1.6335393190383911, 'learning_rate': 8.588098749247045e-06, 'epoch': 2.51}
{'loss': 0.3196, 'grad_norm': 1.0713196992874146, 'learning_rate': 8.368611116529382e-06, 'epoch': 2.7}
{'loss': 0.3179, 'grad_norm': 1.126564860343933, 'learning_rate': 8.136533443705576e-06, 'epoch': 2.9}
{'eval_loss': 0.38602954149246216, 'eval_accuracy': 0.8604954367666232, 'eval_runtime': 40.7883, 'eval_samples_per_second': 56.413, 'eval_steps_per_second': 7.061, 'epoch': 3.0}
{'loss': 0.3014, 'grad_norm': 29.540307998657227, 'learning_rate': 7.89273311116105e-06, 'epoch': 3.09}
{'loss': 0.28, 'grad_norm': 17.66468620300293, 'learning_rate': 7.638121312221016e-06, 'epoch': 3.28}
{'loss': 0.2787, 'grad_norm': 11.624887466430664, 'learning_rate': 7.373649647604371e-06, 'epoch': 3.48}
{'loss': 0.2853, 'grad_norm': 1.0673311948776245, 'learning_rate': 7.10030656885665e-06, 'epoch': 3.67}
{'loss': 0.2764, 'grad_norm': 0.45404091477394104, 'learning_rate': 6.819113684054634e-06, 'epoch': 3.86}
{'eval_loss': 0.45628759264945984, 'eval_accuracy': 0.8674489352455454, 'eval_runtime': 41.2148, 'eval_samples_per_second': 55.829, 'eval_steps_per_second': 6.988, 'epoch': 4.0}
{'loss': 0.2635, 'grad_norm': 16.855642318725586, 'learning_rate': 6.531121939589804e-06, 'epoch': 4.06}
{'loss': 0.2517, 'grad_norm': 50.73472213745117, 'learning_rate': 6.237407692301112e-06, 'epoch': 4.25}
{'loss': 0.2551, 'grad_norm': 0.32279297709465027, 'learning_rate': 5.939068686637293e-06, 'epoch': 4.44}
{'loss': 0.2661, 'grad_norm': 0.8177437782287598, 'learning_rate': 5.6372199518838866e-06, 'epoch': 4.63}
{'loss': 0.249, 'grad_norm': 22.69465446472168, 'learning_rate': 5.332989634788939e-06, 'epoch': 4.83}
{'eval_loss': 0.497957319021225, 'eval_accuracy': 0.877444589308996, 'eval_runtime': 40.8274, 'eval_samples_per_second': 56.359, 'eval_steps_per_second': 7.054, 'epoch': 5.0}
{'loss': 0.2372, 'grad_norm': 0.08993116766214371, 'learning_rate': 5.027514783162725e-06, 'epoch': 5.02}
{'loss': 0.2214, 'grad_norm': 0.06471208482980728, 'learning_rate': 4.721937096210156e-06, 'epoch': 5.21}
{'loss': 0.2141, 'grad_norm': 520.5892944335938, 'learning_rate': 4.417398657478782e-06, 'epoch': 5.41}
{'loss': 0.218, 'grad_norm': 74.16915130615234, 'learning_rate': 4.115037666370327e-06, 'epoch': 5.6}
{'loss': 0.2197, 'grad_norm': 0.4310687780380249, 'learning_rate': 3.815984184169077e-06, 'epoch': 5.79}
{'loss': 0.2202, 'grad_norm': 17.925222396850586, 'learning_rate': 3.5213559104861006e-06, 'epoch': 5.99}
{'eval_loss': 0.6114794015884399, 'eval_accuracy': 0.8661451542807475, 'eval_runtime': 40.8315, 'eval_samples_per_second': 56.354, 'eval_steps_per_second': 7.053, 'epoch': 6.0}
{'loss': 0.2004, 'grad_norm': 3.748394012451172, 'learning_rate': 3.232254005904724e-06, 'epoch': 6.18}
{'loss': 0.1868, 'grad_norm': 0.037435125559568405, 'learning_rate': 2.9497589764398942e-06, 'epoch': 6.37}
{'loss': 0.1976, 'grad_norm': 0.3251579999923706, 'learning_rate': 2.6749266351931343e-06, 'epoch': 6.57}
{'loss': 0.1862, 'grad_norm': 0.14362019300460815, 'learning_rate': 2.4087841562961717e-06, 'epoch': 6.76}
{'loss': 0.1831, 'grad_norm': 0.41911688446998596, 'learning_rate': 2.1523262358915277e-06, 'epoch': 6.95}
{'eval_loss': 0.6247560381889343, 'eval_accuracy': 0.8704910908300739, 'eval_runtime': 40.827, 'eval_samples_per_second': 56.36, 'eval_steps_per_second': 7.054, 'epoch': 7.0}
{'loss': 0.152, 'grad_norm': 1.0120470523834229, 'learning_rate': 1.9065113744981806e-06, 'epoch': 7.15}
{'loss': 0.1829, 'grad_norm': 24.498764038085938, 'learning_rate': 1.6722582946568395e-06, 'epoch': 7.34}
{'loss': 0.1668, 'grad_norm': 964.9525756835938, 'learning_rate': 1.4504425072436933e-06, 'epoch': 7.53}
{'loss': 0.1773, 'grad_norm': 0.17860335111618042, 'learning_rate': 1.241893039285937e-06, 'epoch': 7.72}
{'loss': 0.167, 'grad_norm': 3.408982276916504, 'learning_rate': 1.0473893355086773e-06, 'epoch': 7.92}
{'eval_loss': 0.620133101940155, 'eval_accuracy': 0.8735332464146024, 'eval_runtime': 41.0331, 'eval_samples_per_second': 56.077, 'eval_steps_per_second': 7.019, 'epoch': 8.0}
{'loss': 0.1573, 'grad_norm': 1.8695980310440063, 'learning_rate': 8.676583451935694e-07, 'epoch': 8.11}
{'loss': 0.1516, 'grad_norm': 0.2900961935520172, 'learning_rate': 7.033718052369526e-07, 'epoch': 8.3}
{'loss': 0.1739, 'grad_norm': 0.03090643882751465, 'learning_rate': 5.551437295618922e-07, 'epoch': 8.5}
{'loss': 0.1473, 'grad_norm': 0.251259982585907, 'learning_rate': 4.235281142673925e-07, 'epoch': 8.69}
{'loss': 0.1753, 'grad_norm': 0.028564568608999252, 'learning_rate': 3.090168670916338e-07, 'epoch': 8.88}
{'eval_loss': 0.6619136929512024, 'eval_accuracy': 0.8744024337244676, 'eval_runtime': 41.236, 'eval_samples_per_second': 55.801, 'eval_steps_per_second': 6.984, 'epoch': 9.0}
{'loss': 0.1335, 'grad_norm': 0.11452930420637131, 'learning_rate': 2.120379689278329e-07, 'epoch': 9.08}
{'loss': 0.1763, 'grad_norm': 0.9153578877449036, 'learning_rate': 1.329538742639358e-07, 'epoch': 9.27}
{'loss': 0.1412, 'grad_norm': 16.911113739013672, 'learning_rate': 7.206015652445941e-08, 'epoch': 9.46}
{'loss': 0.1314, 'grad_norm': 331.216552734375, 'learning_rate': 2.9584403377445615e-08, 'epoch': 9.66}
{'loss': 0.1384, 'grad_norm': 41.04359436035156, 'learning_rate': 5.685366135277371e-09, 'epoch': 9.85}
{'eval_loss': 0.6685673594474792, 'eval_accuracy': 0.8722294654498044, 'eval_runtime': 41.0452, 'eval_samples_per_second': 56.06, 'eval_steps_per_second': 7.017, 'epoch': 10.0}
{'train_runtime': 12495.7563, 'train_samples_per_second': 16.574, 'train_steps_per_second': 2.072, 'train_loss': 0.25783049125568247, 'epoch': 10.0}

 test results after fine-tuning
{'f1': 0.8833659848527139, 'recall': 0.8833659491193738, 'precision': 0.8833671031383841, 'accuracy': 0.8833659491193738}
---------------
 training parse-tree model
{'loss': 0.3228, 'grad_norm': 15.618988037109375, 'learning_rate': 9.996635617660905e-06, 'epoch': 0.19}
{'loss': 0.2658, 'grad_norm': 0.1972476691007614, 'learning_rate': 9.976091897424243e-06, 'epoch': 0.39}
{'loss': 0.2809, 'grad_norm': 53.224151611328125, 'learning_rate': 9.936950246351035e-06, 'epoch': 0.58}
{'loss': 0.2603, 'grad_norm': 6.750402450561523, 'learning_rate': 9.879356954689639e-06, 'epoch': 0.77}
{'loss': 0.2432, 'grad_norm': 21.39767074584961, 'learning_rate': 9.803527274906651e-06, 'epoch': 0.97}
{'eval_loss': 0.5515820980072021, 'eval_accuracy': 0.8709256844850065, 'eval_runtime': 41.2826, 'eval_samples_per_second': 55.738, 'eval_steps_per_second': 6.976, 'epoch': 1.0}
{'loss': 0.1995, 'grad_norm': 0.22546318173408508, 'learning_rate': 9.709744617190039e-06, 'epoch': 1.16}
{'loss': 0.1776, 'grad_norm': 0.07190901041030884, 'learning_rate': 9.598359490215647e-06, 'epoch': 1.35}
{'loss': 0.1768, 'grad_norm': 43.099613189697266, 'learning_rate': 9.469788191136025e-06, 'epoch': 1.54}
{'loss': 0.1872, 'grad_norm': 1.7181220054626465, 'learning_rate': 9.324511249687585e-06, 'epoch': 1.74}
{'loss': 0.1663, 'grad_norm': 0.04775798320770264, 'learning_rate': 9.163071632231258e-06, 'epoch': 1.93}
{'eval_loss': 0.7112473249435425, 'eval_accuracy': 0.864406779661017, 'eval_runtime': 41.3315, 'eval_samples_per_second': 55.672, 'eval_steps_per_second': 6.968, 'epoch': 2.0}
{'loss': 0.1591, 'grad_norm': 0.09024680405855179, 'learning_rate': 8.986072712438918e-06, 'epoch': 2.12}
{'loss': 0.127, 'grad_norm': 29.727325439453125, 'learning_rate': 8.794176016210065e-06, 'epoch': 2.32}
{'loss': 0.1499, 'grad_norm': 48.60591506958008, 'learning_rate': 8.588098749247045e-06, 'epoch': 2.51}
{'loss': 0.1273, 'grad_norm': 0.028389154002070427, 'learning_rate': 8.368611116529382e-06, 'epoch': 2.7}
{'loss': 0.1783, 'grad_norm': 12.95884895324707, 'learning_rate': 8.136533443705576e-06, 'epoch': 2.9}
{'eval_loss': 0.7671239972114563, 'eval_accuracy': 0.8648413733159496, 'eval_runtime': 41.8632, 'eval_samples_per_second': 54.965, 'eval_steps_per_second': 6.88, 'epoch': 3.0}
{'loss': 0.1531, 'grad_norm': 0.7042155861854553, 'learning_rate': 7.89273311116105e-06, 'epoch': 3.09}
{'loss': 0.1, 'grad_norm': 0.0284038707613945, 'learning_rate': 7.638121312221016e-06, 'epoch': 3.28}
{'loss': 0.1182, 'grad_norm': 0.06952933967113495, 'learning_rate': 7.373649647604371e-06, 'epoch': 3.48}
{'loss': 0.1215, 'grad_norm': 0.05332856997847557, 'learning_rate': 7.10030656885665e-06, 'epoch': 3.67}
{'loss': 0.0894, 'grad_norm': 0.07810007780790329, 'learning_rate': 6.819113684054634e-06, 'epoch': 3.86}
{'eval_loss': 1.0674821138381958, 'eval_accuracy': 0.843980877879183, 'eval_runtime': 41.3104, 'eval_samples_per_second': 55.7, 'eval_steps_per_second': 6.972, 'epoch': 4.0}
{'loss': 0.0885, 'grad_norm': 5.063161373138428, 'learning_rate': 6.531121939589804e-06, 'epoch': 4.06}
{'loss': 0.0793, 'grad_norm': 0.0645885020494461, 'learning_rate': 6.237407692301112e-06, 'epoch': 4.25}
{'loss': 0.078, 'grad_norm': 0.034183062613010406, 'learning_rate': 5.939068686637293e-06, 'epoch': 4.44}
{'loss': 0.0834, 'grad_norm': 0.012796753086149693, 'learning_rate': 5.6372199518838866e-06, 'epoch': 4.63}
{'loss': 0.0968, 'grad_norm': 1.433371901512146, 'learning_rate': 5.332989634788939e-06, 'epoch': 4.83}
{'eval_loss': 0.8465873599052429, 'eval_accuracy': 0.8709256844850065, 'eval_runtime': 41.2575, 'eval_samples_per_second': 55.772, 'eval_steps_per_second': 6.981, 'epoch': 5.0}
{'loss': 0.0802, 'grad_norm': 0.011769719421863556, 'learning_rate': 5.027514783162725e-06, 'epoch': 5.02}
{'loss': 0.0784, 'grad_norm': 0.013968626968562603, 'learning_rate': 4.721937096210156e-06, 'epoch': 5.21}
{'loss': 0.0768, 'grad_norm': 0.14031745493412018, 'learning_rate': 4.417398657478782e-06, 'epoch': 5.41}
{'loss': 0.066, 'grad_norm': 0.06564322113990784, 'learning_rate': 4.115037666370327e-06, 'epoch': 5.6}
{'loss': 0.0616, 'grad_norm': 0.016521967947483063, 'learning_rate': 3.815984184169077e-06, 'epoch': 5.79}
{'loss': 0.0426, 'grad_norm': 0.024163171648979187, 'learning_rate': 3.5213559104861006e-06, 'epoch': 5.99}
{'eval_loss': 1.0858358144760132, 'eval_accuracy': 0.8431116905693177, 'eval_runtime': 41.2187, 'eval_samples_per_second': 55.824, 'eval_steps_per_second': 6.987, 'epoch': 6.0}
{'loss': 0.0485, 'grad_norm': 0.017841722816228867, 'learning_rate': 3.232254005904724e-06, 'epoch': 6.18}
{'loss': 0.0428, 'grad_norm': 0.01096787117421627, 'learning_rate': 2.9497589764398942e-06, 'epoch': 6.37}
{'loss': 0.0419, 'grad_norm': 0.01774553209543228, 'learning_rate': 2.6749266351931343e-06, 'epoch': 6.57}
{'loss': 0.0424, 'grad_norm': 0.011379577219486237, 'learning_rate': 2.4087841562961717e-06, 'epoch': 6.76}
{'loss': 0.0523, 'grad_norm': 0.01604258082807064, 'learning_rate': 2.1523262358915277e-06, 'epoch': 6.95}
{'eval_loss': 0.9604817032814026, 'eval_accuracy': 0.8561495002172969, 'eval_runtime': 41.277, 'eval_samples_per_second': 55.745, 'eval_steps_per_second': 6.977, 'epoch': 7.0}
{'loss': 0.0391, 'grad_norm': 0.03601870685815811, 'learning_rate': 1.9065113744981806e-06, 'epoch': 7.15}
{'loss': 0.0369, 'grad_norm': 19.993513107299805, 'learning_rate': 1.6722582946568395e-06, 'epoch': 7.34}
{'loss': 0.0344, 'grad_norm': 0.007333673536777496, 'learning_rate': 1.4504425072436933e-06, 'epoch': 7.53}
{'loss': 0.0353, 'grad_norm': 0.007777339778840542, 'learning_rate': 1.241893039285937e-06, 'epoch': 7.72}
{'loss': 0.0438, 'grad_norm': 0.014191882684826851, 'learning_rate': 1.0473893355086773e-06, 'epoch': 7.92}
{'eval_loss': 1.0191757678985596, 'eval_accuracy': 0.8587570621468926, 'eval_runtime': 41.2011, 'eval_samples_per_second': 55.848, 'eval_steps_per_second': 6.99, 'epoch': 8.0}
{'loss': 0.0365, 'grad_norm': 0.012003540992736816, 'learning_rate': 8.676583451935694e-07, 'epoch': 8.11}
{'loss': 0.0251, 'grad_norm': 0.006174829788506031, 'learning_rate': 7.033718052369526e-07, 'epoch': 8.3}
{'loss': 0.0302, 'grad_norm': 0.009271332062780857, 'learning_rate': 5.551437295618922e-07, 'epoch': 8.5}
{'loss': 0.0313, 'grad_norm': 0.008057143539190292, 'learning_rate': 4.235281142673925e-07, 'epoch': 8.69}
{'loss': 0.0345, 'grad_norm': 0.008360294625163078, 'learning_rate': 3.090168670916338e-07, 'epoch': 8.88}
{'eval_loss': 1.0516523122787476, 'eval_accuracy': 0.8591916558018253, 'eval_runtime': 40.7346, 'eval_samples_per_second': 56.488, 'eval_steps_per_second': 7.07, 'epoch': 9.0}
{'loss': 0.0253, 'grad_norm': 0.007158712483942509, 'learning_rate': 2.120379689278329e-07, 'epoch': 9.08}
{'loss': 0.0223, 'grad_norm': 0.09347501397132874, 'learning_rate': 1.329538742639358e-07, 'epoch': 9.27}
{'loss': 0.0263, 'grad_norm': 0.005111375357955694, 'learning_rate': 7.206015652445941e-08, 'epoch': 9.46}
{'loss': 0.0268, 'grad_norm': 0.0076027000322937965, 'learning_rate': 2.9584403377445615e-08, 'epoch': 9.66}
{'loss': 0.0348, 'grad_norm': 0.008567598648369312, 'learning_rate': 5.685366135277371e-09, 'epoch': 9.85}
{'eval_loss': 1.0446616411209106, 'eval_accuracy': 0.8622338113863538, 'eval_runtime': 40.7435, 'eval_samples_per_second': 56.475, 'eval_steps_per_second': 7.069, 'epoch': 10.0}
{'train_runtime': 12748.2511, 'train_samples_per_second': 16.245, 'train_steps_per_second': 2.031, 'train_loss': 0.09981064315742855, 'epoch': 10.0}

 test results after fine-tuning with parse trees
{'f1': 0.8697343433100926, 'recall': 0.8700587084148728, 'precision': 0.873679623253607, 'accuracy': 0.8700587084148728}
DatasetDict({
    train: Dataset({
        features: ['text', 'labels', 'concat', '__index_level_0__', 'input_ids', 'attention_mask'],
        num_rows: 24632
    })
    valid: Dataset({
        features: ['text', 'labels', 'concat', '__index_level_0__', 'input_ids', 'attention_mask'],
        num_rows: 3079
    })
    test: Dataset({
        features: ['text', 'labels', 'concat', '__index_level_0__', 'input_ids', 'attention_mask'],
        num_rows: 3079
    })
})
---------------
 training finetuned model
{'loss': 0.6524, 'grad_norm': 15.993152618408203, 'learning_rate': 9.997627047993818e-06, 'epoch': 0.16}
{'loss': 0.1179, 'grad_norm': 0.010588874109089375, 'learning_rate': 9.98313383051621e-06, 'epoch': 0.32}
{'loss': 0.0833, 'grad_norm': 0.07862743735313416, 'learning_rate': 9.955503863517858e-06, 'epoch': 0.49}
{'loss': 0.0441, 'grad_norm': 0.004256183281540871, 'learning_rate': 9.91480998629389e-06, 'epoch': 0.65}
{'loss': 0.0573, 'grad_norm': 0.0457051657140255, 'learning_rate': 9.861159477775653e-06, 'epoch': 0.81}
{'loss': 0.0494, 'grad_norm': 0.003026599297299981, 'learning_rate': 9.794693773717445e-06, 'epoch': 0.97}
{'eval_loss': 0.26434847712516785, 'eval_accuracy': 0.9434881455017863, 'eval_runtime': 54.317, 'eval_samples_per_second': 56.686, 'eval_steps_per_second': 7.088, 'epoch': 1.0}
{'loss': 0.0271, 'grad_norm': 0.5305792689323425, 'learning_rate': 9.715588093837542e-06, 'epoch': 1.14}
{'loss': 0.0189, 'grad_norm': 0.01377121452242136, 'learning_rate': 9.624050979896533e-06, 'epoch': 1.3}
{'loss': 0.0358, 'grad_norm': 0.008789213374257088, 'learning_rate': 9.520323745930641e-06, 'epoch': 1.46}
{'loss': 0.025, 'grad_norm': 0.003024645848199725, 'learning_rate': 9.4046798420894e-06, 'epoch': 1.62}
{'loss': 0.0281, 'grad_norm': 0.003789018141105771, 'learning_rate': 9.27742413375472e-06, 'epoch': 1.79}
{'loss': 0.0193, 'grad_norm': 0.004615244455635548, 'learning_rate': 9.138892097841799e-06, 'epoch': 1.95}
{'eval_loss': 0.13351616263389587, 'eval_accuracy': 0.9795388113023709, 'eval_runtime': 54.3369, 'eval_samples_per_second': 56.665, 'eval_steps_per_second': 7.085, 'epoch': 2.0}
{'loss': 0.0212, 'grad_norm': 0.0028936341404914856, 'learning_rate': 8.989448938400596e-06, 'epoch': 2.11}
{'loss': 0.0199, 'grad_norm': 0.0027047398034483194, 'learning_rate': 8.829488623849367e-06, 'epoch': 2.27}
{'loss': 0.0154, 'grad_norm': 0.0014028557343408465, 'learning_rate': 8.659432848378352e-06, 'epoch': 2.44}
{'loss': 0.0199, 'grad_norm': 0.0017949992325156927, 'learning_rate': 8.479729920261599e-06, 'epoch': 2.6}
{'loss': 0.0138, 'grad_norm': 0.0011411543237045407, 'learning_rate': 8.290853580007617e-06, 'epoch': 2.76}
{'loss': 0.0161, 'grad_norm': 0.0010845230426639318, 'learning_rate': 8.093301751464466e-06, 'epoch': 2.92}
{'eval_loss': 0.1645757406949997, 'eval_accuracy': 0.975641442026632, 'eval_runtime': 54.329, 'eval_samples_per_second': 56.673, 'eval_steps_per_second': 7.086, 'epoch': 3.0}
{'loss': 0.0112, 'grad_norm': 0.0009875717805698514, 'learning_rate': 7.88759522917173e-06, 'epoch': 3.09}
{'loss': 0.0043, 'grad_norm': 0.0007552526076324284, 'learning_rate': 7.67427630541977e-06, 'epoch': 3.25}
{'loss': 0.0071, 'grad_norm': 0.0018318332731723785, 'learning_rate': 7.453907340635718e-06, 'epoch': 3.41}
{'loss': 0.0043, 'grad_norm': 0.0006905045011080801, 'learning_rate': 7.2270692808649665e-06, 'epoch': 3.57}
{'loss': 0.0143, 'grad_norm': 0.002053928794339299, 'learning_rate': 6.994360126256486e-06, 'epoch': 3.73}
{'loss': 0.0126, 'grad_norm': 0.0006796996458433568, 'learning_rate': 6.756393354589368e-06, 'epoch': 3.9}
{'eval_loss': 0.24583375453948975, 'eval_accuracy': 0.9642741149723937, 'eval_runtime': 55.0575, 'eval_samples_per_second': 55.923, 'eval_steps_per_second': 6.993, 'epoch': 4.0}
{'loss': 0.0483, 'grad_norm': 0.0014951082412153482, 'learning_rate': 6.5137963039966e-06, 'epoch': 4.06}
{'loss': 0.0184, 'grad_norm': 0.001038820599205792, 'learning_rate': 6.267208519149568e-06, 'epoch': 4.22}
{'loss': 0.0096, 'grad_norm': 0.0049861157312989235, 'learning_rate': 6.0172800652631706e-06, 'epoch': 4.38}
{'loss': 0.0037, 'grad_norm': 0.0013585755368694663, 'learning_rate': 5.764669814366231e-06, 'epoch': 4.55}
{'loss': 0.0052, 'grad_norm': 0.000792067323345691, 'learning_rate': 5.510043708355007e-06, 'epoch': 4.71}
{'loss': 0.0071, 'grad_norm': 0.0006939036538824439, 'learning_rate': 5.254073003408823e-06, 'epoch': 4.87}
{'eval_loss': 0.2518577575683594, 'eval_accuracy': 0.9707697304319585, 'eval_runtime': 55.0538, 'eval_samples_per_second': 55.927, 'eval_steps_per_second': 6.993, 'epoch': 5.0}
{'loss': 0.0, 'grad_norm': 0.0005647480138577521, 'learning_rate': 4.9974325003959425e-06, 'epoch': 5.03}
{'loss': 0.0, 'grad_norm': 0.000408456806326285, 'learning_rate': 4.740798765934808e-06, 'epoch': 5.2}
{'loss': 0.0079, 'grad_norm': 0.0003716365899890661, 'learning_rate': 4.484848348800319e-06, 'epoch': 5.36}
{'loss': 0.0132, 'grad_norm': 0.0005858813528902829, 'learning_rate': 4.23025599637715e-06, 'epoch': 5.52}
{'loss': 0.0059, 'grad_norm': 0.004505780525505543, 'learning_rate': 3.977692875861973e-06, 'epoch': 5.68}
{'loss': 0.0031, 'grad_norm': 0.004049138631671667, 'learning_rate': 3.7278248049039323e-06, 'epoch': 5.85}
{'eval_loss': 0.056300245225429535, 'eval_accuracy': 0.991880480675544, 'eval_runtime': 54.961, 'eval_samples_per_second': 56.022, 'eval_steps_per_second': 7.005, 'epoch': 6.0}
{'loss': 0.0024, 'grad_norm': 0.00026560210972093046, 'learning_rate': 3.481310496347802e-06, 'epoch': 6.01}
{'loss': 0.002, 'grad_norm': 0.00022203109983820468, 'learning_rate': 3.238799821707158e-06, 'epoch': 6.17}
{'loss': 0.0, 'grad_norm': 0.00021270323486533016, 'learning_rate': 3.0009320979454215e-06, 'epoch': 6.33}
{'loss': 0.0024, 'grad_norm': 0.00017116246453952044, 'learning_rate': 2.7683344020812765e-06, 'epoch': 6.5}
{'loss': 0.0, 'grad_norm': 0.00018575489229988307, 'learning_rate': 2.5416199180615297e-06, 'epoch': 6.66}
{'loss': 0.0, 'grad_norm': 0.00014364220260176808, 'learning_rate': 2.3213863202594956e-06, 'epoch': 6.82}
{'loss': 0.0068, 'grad_norm': 0.00021507144265342504, 'learning_rate': 2.10821419786037e-06, 'epoch': 6.98}
{'eval_loss': 0.2876870334148407, 'eval_accuracy': 0.9707697304319585, 'eval_runtime': 54.9486, 'eval_samples_per_second': 56.034, 'eval_steps_per_second': 7.007, 'epoch': 7.0}
{'loss': 0.0043, 'grad_norm': 0.0002195827546529472, 'learning_rate': 1.9026655242873e-06, 'epoch': 7.15}
{'loss': 0.0033, 'grad_norm': 0.000213419392821379, 'learning_rate': 1.7052821757031418e-06, 'epoch': 7.31}
{'loss': 0.0061, 'grad_norm': 0.0001761900493875146, 'learning_rate': 1.5165845024934366e-06, 'epoch': 7.47}
{'loss': 0.0, 'grad_norm': 0.00022285687737166882, 'learning_rate': 1.3370699574965778e-06, 'epoch': 7.63}
{'loss': 0.0, 'grad_norm': 0.0003306901780888438, 'learning_rate': 1.167211784597474e-06, 'epoch': 7.79}
{'loss': 0.0058, 'grad_norm': 0.00015543658810202032, 'learning_rate': 1.007457771141863e-06, 'epoch': 7.96}
{'eval_loss': 0.1674187183380127, 'eval_accuracy': 0.9814874959402403, 'eval_runtime': 55.0164, 'eval_samples_per_second': 55.965, 'eval_steps_per_second': 6.998, 'epoch': 8.0}
{'loss': 0.0, 'grad_norm': 0.0001664934679865837, 'learning_rate': 8.582290674602523e-07, 'epoch': 8.12}
{'loss': 0.0032, 'grad_norm': 0.00018047283811029047, 'learning_rate': 7.199190766135001e-07, 'epoch': 8.28}
{'loss': 0.0014, 'grad_norm': 0.00014813151210546494, 'learning_rate': 5.92892417286906e-07, 'epoch': 8.44}
{'loss': 0.0, 'grad_norm': 0.0001646165328565985, 'learning_rate': 4.774839625669226e-07, 'epoch': 8.61}
{'loss': 0.0, 'grad_norm': 0.00015659825294278562, 'learning_rate': 3.739979571344693e-07, 'epoch': 8.77}
{'loss': 0.001, 'grad_norm': 0.00012322855764068663, 'learning_rate': 2.827072152021465e-07, 'epoch': 8.93}
{'eval_loss': 0.20518413186073303, 'eval_accuracy': 0.9779149074374797, 'eval_runtime': 55.1829, 'eval_samples_per_second': 55.796, 'eval_steps_per_second': 6.977, 'epoch': 9.0}
{'loss': 0.0, 'grad_norm': 0.0001509429421275854, 'learning_rate': 2.0385240130980478e-07, 'epoch': 9.09}
{'loss': 0.0, 'grad_norm': 0.00013152454630471766, 'learning_rate': 1.3764139587443437e-07, 'epoch': 9.26}
{'loss': 0.0008, 'grad_norm': 0.00015785288996994495, 'learning_rate': 8.424874716696341e-08, 'epoch': 9.42}
{'loss': 0.0029, 'grad_norm': 0.00014520587865263224, 'learning_rate': 4.3815211160676555e-08, 'epoch': 9.58}
{'loss': 0.0, 'grad_norm': 0.00015344898565672338, 'learning_rate': 1.6447380464325036e-08, 'epoch': 9.74}
{'loss': 0.0026, 'grad_norm': 0.00014525812002830207, 'learning_rate': 2.217403318155453e-09, 'epoch': 9.91}
{'eval_loss': 0.21121549606323242, 'eval_accuracy': 0.9775901266645015, 'eval_runtime': 55.2706, 'eval_samples_per_second': 55.708, 'eval_steps_per_second': 6.966, 'epoch': 10.0}
{'train_runtime': 15075.0788, 'train_samples_per_second': 16.34, 'train_steps_per_second': 2.042, 'train_loss': 0.02413359998522545, 'epoch': 10.0}

 test results after fine-tuning
{'f1': 0.9788766129139223, 'recall': 0.9788892497564144, 'precision': 0.9796856080883383, 'accuracy': 0.9788892497564144}
---------------
 training parse-tree model
{'loss': 0.0177, 'grad_norm': 0.11499062180519104, 'learning_rate': 9.997627047993818e-06, 'epoch': 0.16}
{'loss': 0.0101, 'grad_norm': 0.0001557304203743115, 'learning_rate': 9.98313383051621e-06, 'epoch': 0.32}
{'loss': 0.0118, 'grad_norm': 0.00014003959950059652, 'learning_rate': 9.955503863517858e-06, 'epoch': 0.49}
{'loss': 0.02, 'grad_norm': 0.00037461851025000215, 'learning_rate': 9.91480998629389e-06, 'epoch': 0.65}
{'loss': 0.0029, 'grad_norm': 0.0002642948820721358, 'learning_rate': 9.861159477775653e-06, 'epoch': 0.81}
{'loss': 0.0183, 'grad_norm': 0.0007705563330091536, 'learning_rate': 9.794693773717445e-06, 'epoch': 0.97}
{'eval_loss': 0.18956956267356873, 'eval_accuracy': 0.9753166612536538, 'eval_runtime': 55.0592, 'eval_samples_per_second': 55.922, 'eval_steps_per_second': 6.992, 'epoch': 1.0}
{'loss': 0.0117, 'grad_norm': 0.0008198261493816972, 'learning_rate': 9.715588093837542e-06, 'epoch': 1.14}
{'loss': 0.0249, 'grad_norm': 0.00201811152510345, 'learning_rate': 9.624050979896533e-06, 'epoch': 1.3}
{'loss': 0.0113, 'grad_norm': 0.002282674890011549, 'learning_rate': 9.520323745930641e-06, 'epoch': 1.46}
{'loss': 0.0086, 'grad_norm': 0.0012197354808449745, 'learning_rate': 9.4046798420894e-06, 'epoch': 1.62}
{'loss': 0.0151, 'grad_norm': 0.0018534163245931268, 'learning_rate': 9.27742413375472e-06, 'epoch': 1.79}
{'loss': 0.0028, 'grad_norm': 0.002296274760738015, 'learning_rate': 9.138892097841799e-06, 'epoch': 1.95}
{'eval_loss': 0.2566492557525635, 'eval_accuracy': 0.9701201688860019, 'eval_runtime': 54.6876, 'eval_samples_per_second': 56.302, 'eval_steps_per_second': 7.04, 'epoch': 2.0}
{'loss': 0.0027, 'grad_norm': 0.0013345441548153758, 'learning_rate': 8.989448938400596e-06, 'epoch': 2.11}
{'loss': 0.0219, 'grad_norm': 0.0020976674277335405, 'learning_rate': 8.829488623849367e-06, 'epoch': 2.27}
{'loss': 0.0105, 'grad_norm': 0.001556074945256114, 'learning_rate': 8.659432848378352e-06, 'epoch': 2.44}
{'loss': 0.0071, 'grad_norm': 0.001373463193885982, 'learning_rate': 8.479729920261599e-06, 'epoch': 2.6}
{'loss': 0.0113, 'grad_norm': 0.002025372814387083, 'learning_rate': 8.290853580007617e-06, 'epoch': 2.76}
{'loss': 0.0129, 'grad_norm': 0.002286225091665983, 'learning_rate': 8.093301751464466e-06, 'epoch': 2.92}
{'eval_loss': 0.03755825385451317, 'eval_accuracy': 0.9954530691783047, 'eval_runtime': 54.4252, 'eval_samples_per_second': 56.573, 'eval_steps_per_second': 7.074, 'epoch': 3.0}
{'loss': 0.0165, 'grad_norm': 0.0024398043751716614, 'learning_rate': 7.88759522917173e-06, 'epoch': 3.09}
{'loss': 0.0032, 'grad_norm': 0.0040106563828885555, 'learning_rate': 7.67427630541977e-06, 'epoch': 3.25}
{'loss': 0.0057, 'grad_norm': 0.0014781496720388532, 'learning_rate': 7.453907340635718e-06, 'epoch': 3.41}
{'loss': 0.0045, 'grad_norm': 0.0015194331062957644, 'learning_rate': 7.2270692808649665e-06, 'epoch': 3.57}
{'loss': 0.007, 'grad_norm': 0.001767531386576593, 'learning_rate': 6.994360126256486e-06, 'epoch': 3.73}
{'loss': 0.0061, 'grad_norm': 0.0010471533751115203, 'learning_rate': 6.756393354589368e-06, 'epoch': 3.9}
{'eval_loss': 0.02802130952477455, 'eval_accuracy': 0.9954530691783047, 'eval_runtime': 55.0217, 'eval_samples_per_second': 55.96, 'eval_steps_per_second': 6.997, 'epoch': 4.0}
{'loss': 0.0143, 'grad_norm': 0.002076229080557823, 'learning_rate': 6.5137963039966e-06, 'epoch': 4.06}
{'loss': 0.0024, 'grad_norm': 0.0011520255357027054, 'learning_rate': 6.267208519149568e-06, 'epoch': 4.22}
{'loss': 0.007, 'grad_norm': 0.0011617628624662757, 'learning_rate': 6.0172800652631706e-06, 'epoch': 4.38}
{'loss': 0.006, 'grad_norm': 0.001643772586248815, 'learning_rate': 5.764669814366231e-06, 'epoch': 4.55}
{'loss': 0.0012, 'grad_norm': 0.0009701448725536466, 'learning_rate': 5.510043708355007e-06, 'epoch': 4.71}
{'loss': 0.009, 'grad_norm': 0.0010896952589973807, 'learning_rate': 5.254073003408823e-06, 'epoch': 4.87}
{'eval_loss': 0.24396364390850067, 'eval_accuracy': 0.9746670997076973, 'eval_runtime': 54.1873, 'eval_samples_per_second': 56.821, 'eval_steps_per_second': 7.105, 'epoch': 5.0}
{'loss': 0.0019, 'grad_norm': 0.0009539240272715688, 'learning_rate': 4.9974325003959425e-06, 'epoch': 5.03}
{'loss': 0.0026, 'grad_norm': 0.0009295609779655933, 'learning_rate': 4.740798765934808e-06, 'epoch': 5.2}
{'loss': 0.0, 'grad_norm': 0.0009015794494189322, 'learning_rate': 4.484848348800319e-06, 'epoch': 5.36}
{'loss': 0.0078, 'grad_norm': 0.0008430924499407411, 'learning_rate': 4.23025599637715e-06, 'epoch': 5.52}
{'loss': 0.0044, 'grad_norm': 0.0007298648706637323, 'learning_rate': 3.977692875861973e-06, 'epoch': 5.68}
{'loss': 0.0042, 'grad_norm': 0.0007368279038928449, 'learning_rate': 3.7278248049039323e-06, 'epoch': 5.85}
{'eval_loss': 0.11262325197458267, 'eval_accuracy': 0.9879831113998051, 'eval_runtime': 54.1945, 'eval_samples_per_second': 56.814, 'eval_steps_per_second': 7.104, 'epoch': 6.0}
{'loss': 0.0027, 'grad_norm': 0.0007013737340457737, 'learning_rate': 3.481310496347802e-06, 'epoch': 6.01}
{'loss': 0.002, 'grad_norm': 0.0005802314262837172, 'learning_rate': 3.238799821707158e-06, 'epoch': 6.17}
{'loss': 0.0012, 'grad_norm': 0.00043232779717072845, 'learning_rate': 3.0009320979454215e-06, 'epoch': 6.33}
{'loss': 0.0492, 'grad_norm': 0.0010216085938736796, 'learning_rate': 2.7683344020812765e-06, 'epoch': 6.5}
{'loss': 0.0036, 'grad_norm': 0.0008672485710121691, 'learning_rate': 2.5416199180615297e-06, 'epoch': 6.66}
{'loss': 0.0, 'grad_norm': 0.0006115661235526204, 'learning_rate': 2.3213863202594956e-06, 'epoch': 6.82}
{'loss': 0.0001, 'grad_norm': 0.0007635158835910261, 'learning_rate': 2.10821419786037e-06, 'epoch': 6.98}
{'eval_loss': 0.06331810355186462, 'eval_accuracy': 0.9889574537187399, 'eval_runtime': 54.1874, 'eval_samples_per_second': 56.821, 'eval_steps_per_second': 7.105, 'epoch': 7.0}
{'loss': 0.0021, 'grad_norm': 0.0006382667925208807, 'learning_rate': 1.9026655242873e-06, 'epoch': 7.15}
{'loss': 0.0007, 'grad_norm': 0.0005059039685875177, 'learning_rate': 1.7052821757031418e-06, 'epoch': 7.31}
{'loss': 0.0, 'grad_norm': 0.0005910997278988361, 'learning_rate': 1.5165845024934366e-06, 'epoch': 7.47}
{'loss': 0.0, 'grad_norm': 0.0005488081951625645, 'learning_rate': 1.3370699574965778e-06, 'epoch': 7.63}
{'loss': 0.0, 'grad_norm': 0.0004732943489216268, 'learning_rate': 1.167211784597474e-06, 'epoch': 7.79}
{'loss': 0.0026, 'grad_norm': 0.000525076815392822, 'learning_rate': 1.007457771141863e-06, 'epoch': 7.96}
{'eval_loss': 0.15894876420497894, 'eval_accuracy': 0.9792140305293927, 'eval_runtime': 54.1587, 'eval_samples_per_second': 56.851, 'eval_steps_per_second': 7.109, 'epoch': 8.0}
{'loss': 0.0001, 'grad_norm': 0.000506548909470439, 'learning_rate': 8.582290674602523e-07, 'epoch': 8.12}
{'loss': 0.0, 'grad_norm': 0.000446113059297204, 'learning_rate': 7.199190766135001e-07, 'epoch': 8.28}
{'loss': 0.001, 'grad_norm': 0.0006953198462724686, 'learning_rate': 5.92892417286906e-07, 'epoch': 8.44}
{'loss': 0.0, 'grad_norm': 0.00043534193537198007, 'learning_rate': 4.774839625669226e-07, 'epoch': 8.61}
{'loss': 0.0, 'grad_norm': 0.00039729420677758753, 'learning_rate': 3.739979571344693e-07, 'epoch': 8.77}
{'loss': 0.0, 'grad_norm': 0.00034871732350438833, 'learning_rate': 2.827072152021465e-07, 'epoch': 8.93}
{'eval_loss': 0.07985838502645493, 'eval_accuracy': 0.9876583306268268, 'eval_runtime': 54.1259, 'eval_samples_per_second': 56.886, 'eval_steps_per_second': 7.113, 'epoch': 9.0}
{'loss': 0.0, 'grad_norm': 0.00035838366602547467, 'learning_rate': 2.0385240130980478e-07, 'epoch': 9.09}
{'loss': 0.0, 'grad_norm': 0.0003798324032686651, 'learning_rate': 1.3764139587443437e-07, 'epoch': 9.26}
{'loss': 0.0, 'grad_norm': 0.00036259126500226557, 'learning_rate': 8.424874716696341e-08, 'epoch': 9.42}
{'loss': 0.0, 'grad_norm': 0.0003861802979372442, 'learning_rate': 4.3815211160676555e-08, 'epoch': 9.58}
{'loss': 0.0, 'grad_norm': 0.0003424180904403329, 'learning_rate': 1.6447380464325036e-08, 'epoch': 9.74}
{'loss': 0.0001, 'grad_norm': 0.0003955408465117216, 'learning_rate': 2.217403318155453e-09, 'epoch': 9.91}
{'eval_loss': 0.10229507833719254, 'eval_accuracy': 0.9853848652159792, 'eval_runtime': 54.1452, 'eval_samples_per_second': 56.866, 'eval_steps_per_second': 7.111, 'epoch': 10.0}
{'train_runtime': 14856.22, 'train_samples_per_second': 16.58, 'train_steps_per_second': 2.073, 'train_loss': 0.0063496086636353095, 'epoch': 10.0}

 test results after fine-tuning with parse trees
{'f1': 0.9866803711877925, 'recall': 0.9866839883078922, 'precision': 0.9869937227002897, 'accuracy': 0.9866839883078922}
total runtime: 55446.35
